[2020-04-07T22:39:16.911] [TRACE] request - 请求进入host ===== localhost:3333
[2020-04-07T22:39:16.911] [TRACE] request - 请求进入referer ===== http://localhost:3335/
[2020-04-07T22:39:16.911] [TRACE] request - 请求进入user-agent ===== Mozilla/5.0 (Windows NT 10.0; Win64; x64) AppleWebKit/537.36 (KHTML, like Gecko) Chrome/80.0.3987.149 Safari/537.36
[2020-04-07T22:39:16.911] [INFO] token - 登录SQL执行 ====== SELECT a_token,username FROM m_token WHERE token='tySKWst6nhh878e0t13N1RMJJxv3atkzpATx_YHWDLM'
[2020-04-07T22:39:16.911] [INFO] token - 校验token ====== tySKWst6nhh878e0t13N1RMJJxv3atkzpATx_YHWDLM
[2020-04-07T22:39:17.173] [TRACE] request - 请求进入host ===== localhost:3333
[2020-04-07T22:39:17.173] [TRACE] request - 请求进入referer ===== http://localhost:3335/
[2020-04-07T22:39:17.173] [TRACE] request - 请求进入user-agent ===== Mozilla/5.0 (Windows NT 10.0; Win64; x64) AppleWebKit/537.36 (KHTML, like Gecko) Chrome/80.0.3987.149 Safari/537.36
[2020-04-07T22:39:17.173] [INFO] token - 登录SQL执行 ====== SELECT a_token,username FROM m_token WHERE token='tySKWst6nhh878e0t13N1RMJJxv3atkzpATx_YHWDLM'
[2020-04-07T22:39:17.173] [INFO] token - 校验token ====== tySKWst6nhh878e0t13N1RMJJxv3atkzpATx_YHWDLM
[2020-04-07T22:39:17.177] [ERROR] request - 请求error ====== Assignment to constant variable.
[2020-04-07T22:42:11.871] [TRACE] request - 请求进入host ===== localhost:3333
[2020-04-07T22:42:11.872] [TRACE] request - 请求进入referer ===== http://localhost:3335/
[2020-04-07T22:42:11.872] [TRACE] request - 请求进入user-agent ===== Mozilla/5.0 (Windows NT 10.0; Win64; x64) AppleWebKit/537.36 (KHTML, like Gecko) Chrome/80.0.3987.149 Safari/537.36
[2020-04-07T22:42:11.872] [INFO] token - 登录SQL执行 ====== SELECT a_token,username FROM m_token WHERE token='tySKWst6nhh878e0t13N1RMJJxv3atkzpATx_YHWDLM'
[2020-04-07T22:42:11.872] [INFO] token - 校验token ====== tySKWst6nhh878e0t13N1RMJJxv3atkzpATx_YHWDLM
[2020-04-07T22:42:12.201] [TRACE] request - 请求进入host ===== localhost:3333
[2020-04-07T22:42:12.201] [TRACE] request - 请求进入referer ===== http://localhost:3335/
[2020-04-07T22:42:12.202] [TRACE] request - 请求进入user-agent ===== Mozilla/5.0 (Windows NT 10.0; Win64; x64) AppleWebKit/537.36 (KHTML, like Gecko) Chrome/80.0.3987.149 Safari/537.36
[2020-04-07T22:42:12.202] [INFO] token - 登录SQL执行 ====== SELECT a_token,username FROM m_token WHERE token='tySKWst6nhh878e0t13N1RMJJxv3atkzpATx_YHWDLM'
[2020-04-07T22:42:12.202] [INFO] token - 校验token ====== tySKWst6nhh878e0t13N1RMJJxv3atkzpATx_YHWDLM
[2020-04-07T22:42:12.208] [ERROR] request - 请求error ====== Assignment to constant variable.
[2020-04-07T22:44:58.899] [TRACE] request - 请求进入host ===== localhost:3333
[2020-04-07T22:44:58.900] [TRACE] request - 请求进入referer ===== http://localhost:3335/
[2020-04-07T22:44:58.900] [TRACE] request - 请求进入user-agent ===== Mozilla/5.0 (Windows NT 10.0; Win64; x64) AppleWebKit/537.36 (KHTML, like Gecko) Chrome/80.0.3987.149 Safari/537.36
[2020-04-07T22:44:58.900] [INFO] token - 登录SQL执行 ====== SELECT a_token,username FROM m_token WHERE token='tySKWst6nhh878e0t13N1RMJJxv3atkzpATx_YHWDLM'
[2020-04-07T22:44:58.900] [INFO] token - 校验token ====== tySKWst6nhh878e0t13N1RMJJxv3atkzpATx_YHWDLM
[2020-04-07T22:44:59.230] [TRACE] request - 请求进入host ===== localhost:3333
[2020-04-07T22:44:59.230] [TRACE] request - 请求进入referer ===== http://localhost:3335/
[2020-04-07T22:44:59.230] [TRACE] request - 请求进入user-agent ===== Mozilla/5.0 (Windows NT 10.0; Win64; x64) AppleWebKit/537.36 (KHTML, like Gecko) Chrome/80.0.3987.149 Safari/537.36
[2020-04-07T22:44:59.230] [INFO] token - 登录SQL执行 ====== SELECT a_token,username FROM m_token WHERE token='tySKWst6nhh878e0t13N1RMJJxv3atkzpATx_YHWDLM'
[2020-04-07T22:44:59.230] [INFO] token - 校验token ====== tySKWst6nhh878e0t13N1RMJJxv3atkzpATx_YHWDLM
[2020-04-07T22:44:59.237] [TRACE] article - 查询文章 listSQL ====== SELECT id,title,theme,create_user,status,create_date,last_modify FROM m_article WHERE title LIKE '%%' AND theme LIKE '%%' AND create_user LIKE '%0%' AND status LIKE '%%' LIMIT 0, 10
[2020-04-07T22:44:59.237] [TRACE] article - 查询文章 countSQL ====== SELECT COUNT(*) AS count FROM m_article
