[2019-11-15T11:42:40.916] [TRACE] login - 系统登录SQL ====== select username,password,o_username from m_users where username='5c1338f06725fee21bfe6e43ef2a18e0' and password='e10adc3949ba59abbe56e057f20f883e';
[2019-11-15T11:42:41.239] [TRACE] login - 登录查找token-SQL ====== SELECT username FROM m_token WHERE username='gxlself'
[2019-11-15T11:42:41.251] [TRACE] login - 存储token值-SQL ====== UPDATE m_token SET a_token='eyJhbGciOiJIUzI1NiIsInR5cCI6IkpXVCJ9.eyJ1c2VybmFtZSI6Imd4bHNlbGYiLCJpYXQiOjE1NzM3ODkzNjF9.pzR09-lumpslIvGjz48TPbvoId3ZRfWaCKvNloM1gcw',token='pzR09-lumpslIvGjz48TPbvoId3ZRfWaCKvNloM1gcw',username='gxlself'
[2019-11-15T13:22:20.218] [TRACE] login - 系统登录SQL ====== select username,password,o_username from m_users where username='5c1338f06725fee21bfe6e43ef2a18e0' and password='e10adc3949ba59abbe56e057f20f883e';
[2019-11-15T13:22:20.247] [TRACE] login - 登录查找token-SQL ====== SELECT username FROM m_token WHERE username='gxlself'
[2019-11-15T13:22:20.250] [TRACE] login - 存储token值-SQL ====== UPDATE m_token SET a_token='eyJhbGciOiJIUzI1NiIsInR5cCI6IkpXVCJ9.eyJ1c2VybmFtZSI6Imd4bHNlbGYiLCJpYXQiOjE1NzM3OTUzNDB9.ZdvzqDs-diuIN9TZnKBvKHjPDgd8xQxmCssL01J-5Ls',token='ZdvzqDs-diuIN9TZnKBvKHjPDgd8xQxmCssL01J-5Ls',username='gxlself'
[2019-11-15T13:22:52.606] [TRACE] login - 系统登录SQL ====== select username,password,o_username from m_users where username='5c1338f06725fee21bfe6e43ef2a18e0' and password='e10adc3949ba59abbe56e057f20f883e';
[2019-11-15T13:22:52.608] [TRACE] login - 登录查找token-SQL ====== SELECT username FROM m_token WHERE username='gxlself'
[2019-11-15T13:22:52.609] [TRACE] login - 存储token值-SQL ====== UPDATE m_token SET a_token='eyJhbGciOiJIUzI1NiIsInR5cCI6IkpXVCJ9.eyJ1c2VybmFtZSI6Imd4bHNlbGYiLCJpYXQiOjE1NzM3OTUzNzJ9.XJzt6dDVD4fMc0Cihq7w--h8BHQWYnKz4x5teh9aXR8',token='XJzt6dDVD4fMc0Cihq7w--h8BHQWYnKz4x5teh9aXR8',username='gxlself'
[2019-11-15T13:31:30.259] [TRACE] login - 系统登录SQL ====== select username,password,o_username from m_users where username='5c1338f06725fee21bfe6e43ef2a18e0' and password='e10adc3949ba59abbe56e057f20f883e';
[2019-11-15T13:31:30.263] [TRACE] login - 登录查找token-SQL ====== SELECT username FROM m_token WHERE username='gxlself'
[2019-11-15T13:31:30.266] [TRACE] login - 存储token值-SQL ====== UPDATE m_token SET a_token='eyJhbGciOiJIUzI1NiIsInR5cCI6IkpXVCJ9.eyJ1c2VybmFtZSI6Imd4bHNlbGYiLCJpYXQiOjE1NzM3OTU4OTB9.zwZAe1WD41IFWFeAT0RQ1SsRPiT3Zys6PGSy_VbhZQw',token='zwZAe1WD41IFWFeAT0RQ1SsRPiT3Zys6PGSy_VbhZQw',username='gxlself'
[2019-11-15T13:33:41.859] [TRACE] login - 系统登录SQL ====== select username,password,o_username from m_users where username='5c1338f06725fee21bfe6e43ef2a18e0' and password='e10adc3949ba59abbe56e057f20f883e';
[2019-11-15T13:33:41.861] [TRACE] login - 登录查找token-SQL ====== SELECT username FROM m_token WHERE username='gxlself'
[2019-11-15T13:33:41.862] [TRACE] login - 存储token值-SQL ====== UPDATE m_token SET a_token='eyJhbGciOiJIUzI1NiIsInR5cCI6IkpXVCJ9.eyJ1c2VybmFtZSI6Imd4bHNlbGYiLCJpYXQiOjE1NzM3OTYwMjF9.hoD7uDykiPBec04umwfvDlyzUvpJ51-h8zW57dO4wYs',token='hoD7uDykiPBec04umwfvDlyzUvpJ51-h8zW57dO4wYs',username='gxlself'
[2019-11-15T13:41:40.010] [TRACE] login - 系统登录SQL ====== select username,password,o_username from m_users where username='5c1338f06725fee21bfe6e43ef2a18e0' and password='e10adc3949ba59abbe56e057f20f883e';
[2019-11-15T13:41:40.013] [TRACE] login - 登录查找token-SQL ====== SELECT username FROM m_token WHERE username='gxlself'
[2019-11-15T13:41:40.014] [TRACE] login - 存储token值-SQL ====== UPDATE m_token SET a_token='eyJhbGciOiJIUzI1NiIsInR5cCI6IkpXVCJ9.eyJ1c2VybmFtZSI6Imd4bHNlbGYiLCJpYXQiOjE1NzM3OTY1MDB9.lHzJ1e-JiTwU3PNY4YZmM9HYwaS__czNUnvWnL6oE6g',token='lHzJ1e-JiTwU3PNY4YZmM9HYwaS__czNUnvWnL6oE6g',username='gxlself'
[2019-11-15T13:41:55.159] [TRACE] login - 系统登录SQL ====== select username,password,o_username from m_users where username='5c1338f06725fee21bfe6e43ef2a18e0' and password='e10adc3949ba59abbe56e057f20f883e';
[2019-11-15T13:41:55.162] [TRACE] login - 登录查找token-SQL ====== SELECT username FROM m_token WHERE username='gxlself'
[2019-11-15T13:41:55.164] [TRACE] login - 存储token值-SQL ====== UPDATE m_token SET a_token='eyJhbGciOiJIUzI1NiIsInR5cCI6IkpXVCJ9.eyJ1c2VybmFtZSI6Imd4bHNlbGYiLCJpYXQiOjE1NzM3OTY1MTV9.4sJ2RxwhGznVuJb-Hh180OIJD6TqXdhbpr3RRA8a94k',token='4sJ2RxwhGznVuJb-Hh180OIJD6TqXdhbpr3RRA8a94k',username='gxlself'
[2019-11-15T13:42:34.731] [TRACE] login - 系统登录SQL ====== select username,password,o_username from m_users where username='5c1338f06725fee21bfe6e43ef2a18e0' and password='e10adc3949ba59abbe56e057f20f883e';
[2019-11-15T13:42:34.734] [TRACE] login - 登录查找token-SQL ====== SELECT username FROM m_token WHERE username='gxlself'
[2019-11-15T13:42:34.735] [TRACE] login - 存储token值-SQL ====== UPDATE m_token SET a_token='eyJhbGciOiJIUzI1NiIsInR5cCI6IkpXVCJ9.eyJ1c2VybmFtZSI6Imd4bHNlbGYiLCJpYXQiOjE1NzM3OTY1NTR9.qCPpE0_m4o_8yMtuQ2UzIG-ow1u0bXuuDWom9PN6-2E',token='qCPpE0_m4o_8yMtuQ2UzIG-ow1u0bXuuDWom9PN6-2E',username='gxlself'
[2019-11-15T13:43:16.810] [TRACE] login - 系统登录SQL ====== select username,password,o_username from m_users where username='5c1338f06725fee21bfe6e43ef2a18e0' and password='e10adc3949ba59abbe56e057f20f883e';
[2019-11-15T13:43:16.812] [TRACE] login - 登录查找token-SQL ====== SELECT username FROM m_token WHERE username='gxlself'
[2019-11-15T13:43:16.813] [TRACE] login - 存储token值-SQL ====== UPDATE m_token SET a_token='eyJhbGciOiJIUzI1NiIsInR5cCI6IkpXVCJ9.eyJ1c2VybmFtZSI6Imd4bHNlbGYiLCJpYXQiOjE1NzM3OTY1OTZ9.ysoXekLHhCc67RqnnmuRxIg6wdj9w_AfPwH35XiMcH8',token='ysoXekLHhCc67RqnnmuRxIg6wdj9w_AfPwH35XiMcH8',username='gxlself'
[2019-11-15T13:43:33.820] [TRACE] login - 系统登录SQL ====== select username,password,o_username from m_users where username='5c1338f06725fee21bfe6e43ef2a18e0' and password='e10adc3949ba59abbe56e057f20f883e';
[2019-11-15T13:43:33.822] [TRACE] login - 登录查找token-SQL ====== SELECT username FROM m_token WHERE username='gxlself'
[2019-11-15T13:43:33.823] [TRACE] login - 存储token值-SQL ====== UPDATE m_token SET a_token='eyJhbGciOiJIUzI1NiIsInR5cCI6IkpXVCJ9.eyJ1c2VybmFtZSI6Imd4bHNlbGYiLCJpYXQiOjE1NzM3OTY2MTN9.pxoEnpyTMSiIAy8yVlBN-0T_ZS8FFQGp9toIdMHQcto',token='pxoEnpyTMSiIAy8yVlBN-0T_ZS8FFQGp9toIdMHQcto',username='gxlself'
[2019-11-15T13:45:25.594] [TRACE] login - 系统登录SQL ====== select username,password,o_username from m_users where username='5c1338f06725fee21bfe6e43ef2a18e0' and password='e10adc3949ba59abbe56e057f20f883e';
[2019-11-15T13:45:25.596] [TRACE] login - 登录查找token-SQL ====== SELECT username FROM m_token WHERE username='gxlself'
[2019-11-15T13:45:25.598] [TRACE] login - 存储token值-SQL ====== UPDATE m_token SET a_token='eyJhbGciOiJIUzI1NiIsInR5cCI6IkpXVCJ9.eyJ1c2VybmFtZSI6Imd4bHNlbGYiLCJpYXQiOjE1NzM3OTY3MjV9.zNeshNJxomuE-PI6SF_I6CUO1slg0_TnvflQ1Ulda_A',token='zNeshNJxomuE-PI6SF_I6CUO1slg0_TnvflQ1Ulda_A',username='gxlself'
[2019-11-15T13:45:44.554] [TRACE] login - 系统登录SQL ====== select username,password,o_username from m_users where username='5c1338f06725fee21bfe6e43ef2a18e0' and password='e10adc3949ba59abbe56e057f20f883e';
[2019-11-15T13:45:44.556] [TRACE] login - 登录查找token-SQL ====== SELECT username FROM m_token WHERE username='gxlself'
[2019-11-15T13:45:44.557] [TRACE] login - 存储token值-SQL ====== UPDATE m_token SET a_token='eyJhbGciOiJIUzI1NiIsInR5cCI6IkpXVCJ9.eyJ1c2VybmFtZSI6Imd4bHNlbGYiLCJpYXQiOjE1NzM3OTY3NDR9.5TZjk5rQrxRRZXJ6-G1kSS3f-nYGzbNThY5mI8oF6og',token='5TZjk5rQrxRRZXJ6-G1kSS3f-nYGzbNThY5mI8oF6og',username='gxlself'
[2019-11-15T14:11:29.563] [TRACE] login - 系统登录SQL ====== select username,password,o_username from m_users where username='5c1338f06725fee21bfe6e43ef2a18e0' and password='e10adc3949ba59abbe56e057f20f883e';
[2019-11-15T14:11:29.796] [TRACE] login - 登录查找token-SQL ====== SELECT username FROM m_token WHERE username='gxlself'
[2019-11-15T14:11:29.815] [TRACE] login - 存储token值-SQL ====== UPDATE m_token SET a_token='eyJhbGciOiJIUzI1NiIsInR5cCI6IkpXVCJ9.eyJ1c2VybmFtZSI6Imd4bHNlbGYiLCJpYXQiOjE1NzM3OTgyODl9.rqvMa4625wV20pgcezJf409rnHSLrFq3Xc0Ji1UBA94',token='rqvMa4625wV20pgcezJf409rnHSLrFq3Xc0Ji1UBA94',username='gxlself'
[2019-11-15T14:44:59.836] [TRACE] login - 系统登录SQL ====== select username,password,o_username from m_users where username='5c1338f06725fee21bfe6e43ef2a18e0' and password='e10adc3949ba59abbe56e057f20f883e';
[2019-11-15T14:44:59.865] [TRACE] login - 登录查找token-SQL ====== SELECT username FROM m_token WHERE username='gxlself'
[2019-11-15T14:44:59.874] [TRACE] login - 存储token值-SQL ====== UPDATE m_token SET a_token='eyJhbGciOiJIUzI1NiIsInR5cCI6IkpXVCJ9.eyJ1c2VybmFtZSI6Imd4bHNlbGYiLCJpYXQiOjE1NzM4MDAyOTl9.WHfCKtNw8Dj6TjMzQDImJ-mExr_3cBp0ZrmaR2E0X1Q',token='WHfCKtNw8Dj6TjMzQDImJ-mExr_3cBp0ZrmaR2E0X1Q',username='gxlself'
